[    0.000000] Linux version 4.15.0-212-generic (buildd@lcy02-amd64-083) (gcc version 7.5.0 (Ubuntu 7.5.0-3ubuntu1~18.04)) #223-Ubuntu SMP Tue May 23 13:09:22 UTC 2023 (Ubuntu 4.15.0-212.223-generic 4.15.18)
[    0.000000] Command line: BOOT_IMAGE=/boot/vmlinuz-4.15.0-212-generic root=LABEL=cloudimg-rootfs ro console=tty1 console=ttyS0
[    0.000000] KERNEL supported cpus:
[    0.000000]   Intel GenuineIntel
[    0.000000]   AMD AuthenticAMD
[    0.000000]   Centaur CentaurHauls
[    0.000000] x86/fpu: Supporting XSAVE feature 0x001: 'x87 floating point registers'
[    0.000000] x86/fpu: Supporting XSAVE feature 0x002: 'SSE registers'
[    0.000000] x86/fpu: Supporting XSAVE feature 0x004: 'AVX registers'
[    0.000000] x86/fpu: xstate_offset[2]:  576, xstate_sizes[2]:  256
[    0.000000] x86/fpu: Enabled xstate features 0x7, context size is 832 bytes, using 'standard' format.
[    0.000000] e820: BIOS-provided physical RAM map:
[    0.000000] BIOS-e820: [mem 0x0000000000000000-0x000000000009fbff] usable
[    0.000000] BIOS-e820: [mem 0x000000000009fc00-0x000000000009ffff] reserved
[    0.000000] BIOS-e820: [mem 0x00000000000f0000-0x00000000000fffff] reserved
[    0.000000] BIOS-e820: [mem 0x0000000000100000-0x000000003ffeffff] usable
[    0.000000] BIOS-e820: [mem 0x000000003fff0000-0x000000003fffffff] ACPI data
[    0.000000] BIOS-e820: [mem 0x00000000fec00000-0x00000000fec00fff] reserved
[    0.000000] BIOS-e820: [mem 0x00000000fee00000-0x00000000fee00fff] reserved
[    0.000000] BIOS-e820: [mem 0x00000000fffc0000-0x00000000ffffffff] reserved
[    0.000000] NX (Execute Disable) protection: active
[    0.000000] SMBIOS 2.5 present.
[    0.000000] DMI: innotek GmbH VirtualBox/VirtualBox, BIOS VirtualBox 12/01/2006
[    0.000000] Hypervisor detected: KVM
[    0.000000] e820: last_pfn = 0x3fff0 max_arch_pfn = 0x400000000
[    0.000000] x86/PAT: Configuration [0-7]: WB  WC  UC- UC  WB  WP  UC- WT  
[    0.000000] found SMP MP-table at [mem 0x0009fbf0-0x0009fbff]
[    0.000000] Scanning 1 areas for low memory corruption
[    0.000000] RAMDISK: [mem 0x359cb000-0x36cdcfff]
[    0.000000] ACPI: Early table checksum verification disabled
[    0.000000] ACPI: RSDP 0x00000000000E0000 000024 (v02 VBOX  )
[    0.000000] ACPI: XSDT 0x000000003FFF0030 00003C (v01 VBOX   VBOXXSDT 00000001 ASL  00000061)
[    0.000000] ACPI: FACP 0x000000003FFF00F0 0000F4 (v04 VBOX   VBOXFACP 00000001 ASL  00000061)
[    0.000000] ACPI: DSDT 0x000000003FFF0610 002353 (v02 VBOX   VBOXBIOS 00000002 INTL 20100528)
[    0.000000] ACPI: FACS 0x000000003FFF0200 000040
[    0.000000] ACPI: FACS 0x000000003FFF0200 000040
[    0.000000] ACPI: APIC 0x000000003FFF0240 00005C (v02 VBOX   VBOXAPIC 00000001 ASL  00000061)
[    0.000000] ACPI: SSDT 0x000000003FFF02A0 00036C (v01 VBOX   VBOXCPUT 00000002 INTL 20100528)
[    0.000000] ACPI: Reserving FACP table memory at [mem 0x3fff00f0-0x3fff01e3]
[    0.000000] ACPI: Reserving DSDT table memory at [mem 0x3fff0610-0x3fff2962]
[    0.000000] ACPI: Reserving FACS table memory at [mem 0x3fff0200-0x3fff023f]
[    0.000000] ACPI: Reserving FACS table memory at [mem 0x3fff0200-0x3fff023f]
[    0.000000] ACPI: Reserving APIC table memory at [mem 0x3fff0240-0x3fff029b]
[    0.000000] ACPI: Reserving SSDT table memory at [mem 0x3fff02a0-0x3fff060b]
[    0.000000] No NUMA configuration found
[    0.000000] Faking a node at [mem 0x0000000000000000-0x000000003ffeffff]
[    0.000000] NODE_DATA(0) allocated [mem 0x3ffc5000-0x3ffeffff]
[    0.000000] kvm-clock: cpu 0, msr 0:3ff44001, primary cpu clock
[    0.000000] kvm-clock: Using msrs 4b564d01 and 4b564d00
[    0.000000] kvm-clock: using sched offset of 5282993783 cycles
[    0.000000] clocksource: kvm-clock: mask: 0xffffffffffffffff max_cycles: 0x1cd42e4dffb, max_idle_ns: 881590591483 ns
[    0.000000] Zone ranges:
[    0.000000]   DMA      [mem 0x0000000000001000-0x0000000000ffffff]
[    0.000000]   DMA32    [mem 0x0000000001000000-0x000000003ffeffff]
[    0.000000]   Normal   empty
[    0.000000]   Device   empty
[    0.000000] Movable zone start for each node
[    0.000000] Early memory node ranges
[    0.000000]   node   0: [mem 0x0000000000001000-0x000000000009efff]
[    0.000000]   node   0: [mem 0x0000000000100000-0x000000003ffeffff]
[    0.000000] Reserved but unavailable: 104 pages
[    0.000000] Initmem setup node 0 [mem 0x0000000000001000-0x000000003ffeffff]
[    0.000000] ACPI: PM-Timer IO Port: 0x4008
[    0.000000] IOAPIC[0]: apic_id 2, version 32, address 0xfec00000, GSI 0-23
[    0.000000] ACPI: INT_SRC_OVR (bus 0 bus_irq 0 global_irq 2 dfl dfl)
[    0.000000] ACPI: INT_SRC_OVR (bus 0 bus_irq 9 global_irq 9 low level)
[    0.000000] Using ACPI (MADT) for SMP configuration information
[    0.000000] smpboot: Allowing 2 CPUs, 0 hotplug CPUs
[    0.000000] PM: Registered nosave memory: [mem 0x00000000-0x00000fff]
[    0.000000] PM: Registered nosave memory: [mem 0x0009f000-0x0009ffff]
[    0.000000] PM: Registered nosave memory: [mem 0x000a0000-0x000effff]
[    0.000000] PM: Registered nosave memory: [mem 0x000f0000-0x000fffff]
[    0.000000] e820: [mem 0x40000000-0xfebfffff] available for PCI devices
[    0.000000] Booting paravirtualized kernel on KVM
[    0.000000] clocksource: refined-jiffies: mask: 0xffffffff max_cycles: 0xffffffff, max_idle_ns: 7645519600211568 ns
[    0.000000] setup_percpu: NR_CPUS:8192 nr_cpumask_bits:2 nr_cpu_ids:2 nr_node_ids:1
[    0.000000] percpu: Embedded 50 pages/cpu s167936 r8192 d28672 u1048576
[    0.000000] PV qspinlock hash table entries: 256 (order: 0, 4096 bytes)
[    0.000000] Built 1 zonelists, mobility grouping on.  Total pages: 257913
[    0.000000] Policy zone: DMA32
[    0.000000] Kernel command line: BOOT_IMAGE=/boot/vmlinuz-4.15.0-212-generic root=LABEL=cloudimg-rootfs ro console=tty1 console=ttyS0
[    0.000000] Memory: 982644K/1048120K available (12300K kernel code, 2477K rwdata, 4324K rodata, 2480K init, 2720K bss, 65476K reserved, 0K cma-reserved)
[    0.000000] SLUB: HWalign=64, Order=0-3, MinObjects=0, CPUs=2, Nodes=1
[    0.000000] Kernel/User page tables isolation: enabled
[    0.000000] ftrace: allocating 39508 entries in 155 pages
[    0.004000] Hierarchical RCU implementation.
[    0.004000] 	RCU restricting CPUs from NR_CPUS=8192 to nr_cpu_ids=2.
[    0.004000] 	Tasks RCU enabled.
[    0.004000] RCU: Adjusting geometry for rcu_fanout_leaf=16, nr_cpu_ids=2
[    0.004000] NR_IRQS: 524544, nr_irqs: 440, preallocated irqs: 16
[    0.004000] Console: colour VGA+ 80x25
[    0.004000] console [tty1] enabled
[    0.004000] console [ttyS0] enabled
[    0.004000] ACPI: Core revision 20170831
[    0.004000] ACPI: 2 ACPI AML tables successfully acquired and loaded
[    0.004000] APIC: Switch to symmetric I/O mode setup
[    0.004000] x2apic enabled
[    0.004015] Switched APIC routing to physical x2apic.
[    0.012000] ..TIMER: vector=0x30 apic1=0 pin1=2 apic2=-1 pin2=-1
[    0.012009] tsc: Detected 1895.695 MHz processor
[    0.016024] Calibrating delay loop (skipped) preset value.. 3791.39 BogoMIPS (lpj=7582780)
[    0.020010] pid_max: default: 32768 minimum: 301
[    0.024225] Security Framework initialized
[    0.028009] Yama: becoming mindful.
[    0.032086] AppArmor: AppArmor initialized
[    0.038965] Dentry cache hash table entries: 131072 (order: 8, 1048576 bytes)
[    0.040221] Inode-cache hash table entries: 65536 (order: 7, 524288 bytes)
[    0.044069] Mount-cache hash table entries: 2048 (order: 2, 16384 bytes)
[    0.048018] Mountpoint-cache hash table entries: 2048 (order: 2, 16384 bytes)
[    0.053345] Last level iTLB entries: 4KB 512, 2MB 8, 4MB 8
[    0.056012] Last level dTLB entries: 4KB 512, 2MB 32, 4MB 32, 1GB 0
[    0.060009] Spectre V1 : Mitigation: usercopy/swapgs barriers and __user pointer sanitization
[    0.064015] Spectre V2 : Mitigation: Retpolines
[    0.067623] Spectre V2 : Spectre v2 / SpectreRSB mitigation: Filling RSB on context switch
[    0.068010] Spectre V2 : Spectre v2 / SpectreRSB : Filling RSB on VMEXIT
[    0.072010] Speculative Store Bypass: Vulnerable
[    0.076176] MDS: Mitigation: Clear CPU buffers
[    0.080008] MMIO Stale Data: Unknown: No mitigations
[    0.088118] Freeing SMP alternatives memory: 36K
[    0.205879] smpboot: CPU0: Intel(R) Core(TM) i3-3227U CPU @ 1.90GHz (family: 0x6, model: 0x3a, stepping: 0x9)
[    0.208425] Performance Events: unsupported p6 CPU model 58 no PMU driver, software events only.
[    0.212173] Hierarchical SRCU implementation.
[    0.220960] NMI watchdog: Perf event create on CPU 0 failed with -2
[    0.224015] NMI watchdog: Perf NMI watchdog permanently disabled
[    0.228257] smp: Bringing up secondary CPUs ...
[    0.232449] x86: Booting SMP configuration:
[    0.236012] .... node  #0, CPUs:      #1
[    0.004000] kvm-clock: cpu 1, msr 0:3ff44041, secondary cpu clock
[    0.246536] smp: Brought up 1 node, 2 CPUs
[    0.248022] smpboot: Max logical packages: 1
[    0.252015] smpboot: Total of 2 processors activated (7582.78 BogoMIPS)
[    0.260496] devtmpfs: initialized
[    0.262361] x86/mm: Memory block size: 128MB
[    0.268327] evm: security.selinux
[    0.271115] evm: security.SMACK64
[    0.272012] evm: security.SMACK64EXEC
[    0.276011] evm: security.SMACK64TRANSMUTE
[    0.280008] evm: security.SMACK64MMAP
[    0.283513] evm: security.apparmor
[    0.284011] evm: security.ima
[    0.288008] evm: security.capability
[    0.292556] clocksource: jiffies: mask: 0xffffffff max_cycles: 0xffffffff, max_idle_ns: 7645041785100000 ns
[    0.300056] futex hash table entries: 512 (order: 3, 32768 bytes)
[    0.304199] pinctrl core: initialized pinctrl subsystem
[    0.312418] RTC time:  8:18:05, date: 12/20/24
[    0.317003] NET: Registered protocol family 16
[    0.324647] audit: initializing netlink subsys (disabled)
[    0.328121] audit: type=2000 audit(1734682691.721:1): state=initialized audit_enabled=0 res=1
[    0.336032] cpuidle: using governor ladder
[    0.340044] cpuidle: using governor menu
[    0.344177] ACPI: bus type PCI registered
[    0.347744] acpiphp: ACPI Hot Plug PCI Controller Driver version: 0.5
[    0.348499] PCI: Using configuration type 1 for base access
[    0.364182] HugeTLB registered 2.00 MiB page size, pre-allocated 0 pages
[    0.368401] ACPI: Added _OSI(Module Device)
[    0.372030] ACPI: Added _OSI(Processor Device)
[    0.376013] ACPI: Added _OSI(3.0 _SCP Extensions)
[    0.380016] ACPI: Added _OSI(Processor Aggregator Device)
[    0.384016] ACPI: Added _OSI(Linux-Dell-Video)
[    0.388018] ACPI: Added _OSI(Linux-Lenovo-NV-HDMI-Audio)
[    0.392018] ACPI: Added _OSI(Linux-HPI-Hybrid-Graphics)
[    0.397286] ACPI: Executed 1 blocks of module-level executable AML code
[    0.428751] ACPI: Interpreter enabled
[    0.432072] ACPI: (supports S0 S5)
[    0.435319] ACPI: Using IOAPIC for interrupt routing
[    0.436810] PCI: Using host bridge windows from ACPI; if necessary, use "pci=nocrs" and report a bug
[    0.442009] ACPI: Enabled 2 GPEs in block 00 to 07
[    0.490306] ACPI: PCI Root Bridge [PCI0] (domain 0000 [bus 00-ff])
[    0.492053] acpi PNP0A03:00: _OSC: OS supports [ASPM ClockPM Segments MSI]
[    0.501623] acpi PNP0A03:00: _OSC: not requesting OS control; OS requires [ExtendedConfig ASPM ClockPM MSI]
[    0.504050] acpi PNP0A03:00: fail to add MMCONFIG information, can't access extended PCI configuration space under this bridge.
[    0.509705] PCI host bridge to bus 0000:00
[    0.512013] pci_bus 0000:00: root bus resource [io  0x0000-0x0cf7 window]
[    0.516012] pci_bus 0000:00: root bus resource [io  0x0d00-0xffff window]
[    0.520010] pci_bus 0000:00: root bus resource [mem 0x000a0000-0x000bffff window]
[    0.524010] pci_bus 0000:00: root bus resource [mem 0x40000000-0xfdffffff window]
[    0.528023] pci_bus 0000:00: root bus resource [bus 00-ff]
[    0.540463] pci 0000:00:01.1: legacy IDE quirk: reg 0x10: [io  0x01f0-0x01f7]
[    0.544012] pci 0000:00:01.1: legacy IDE quirk: reg 0x14: [io  0x03f6]
[    0.552011] pci 0000:00:01.1: legacy IDE quirk: reg 0x18: [io  0x0170-0x0177]
[    0.556000] pci 0000:00:01.1: legacy IDE quirk: reg 0x1c: [io  0x0376]
[    0.600453] pci 0000:00:07.0: quirk: [io  0x4000-0x403f] claimed by PIIX4 ACPI
[    0.604041] pci 0000:00:07.0: quirk: [io  0x4100-0x410f] claimed by PIIX4 SMB
[    0.630315] ACPI: PCI Interrupt Link [LNKA] (IRQs 5 9 10 *11)
[    0.636373] ACPI: PCI Interrupt Link [LNKB] (IRQs 5 9 *10 11)
[    0.640722] ACPI: PCI Interrupt Link [LNKC] (IRQs 5 *9 10 11)
[    0.648318] ACPI: PCI Interrupt Link [LNKD] (IRQs 5 9 10 *11)
[    0.654059] SCSI subsystem initialized
[    0.660152] pci 0000:00:02.0: vgaarb: setting as boot VGA device
[    0.664000] pci 0000:00:02.0: vgaarb: VGA device added: decodes=io+mem,owns=io+mem,locks=none
[    0.664034] pci 0000:00:02.0: vgaarb: bridge control possible
[    0.668017] vgaarb: loaded
[    0.670554] ACPI: bus type USB registered
[    0.672104] usbcore: registered new interface driver usbfs
[    0.676074] usbcore: registered new interface driver hub
[    0.680060] usbcore: registered new device driver usb
[    0.684214] EDAC MC: Ver: 3.0.0
[    0.688134] PCI: Using ACPI for IRQ routing
[    0.692000] NetLabel: Initializing
[    0.692014] NetLabel:  domain hash size = 128
[    0.696006] NetLabel:  protocols = UNLABELED CIPSOv4 CALIPSO
[    0.700067] NetLabel:  unlabeled traffic allowed by default
[    0.708364] clocksource: Switched to clocksource kvm-clock
[    0.792243] VFS: Disk quotas dquot_6.6.0
[    0.794712] VFS: Dquot-cache hash table entries: 512 (order 0, 4096 bytes)
[    0.799195] AppArmor: AppArmor Filesystem Enabled
[    0.802171] pnp: PnP ACPI init
[    0.808802] pnp: PnP ACPI: found 3 devices
[    0.824404] clocksource: acpi_pm: mask: 0xffffff max_cycles: 0xffffff, max_idle_ns: 2085701024 ns
[    0.830286] NET: Registered protocol family 2
[    0.833153] IP idents hash table entries: 16384 (order: 5, 131072 bytes)
[    0.839600] TCP established hash table entries: 8192 (order: 4, 65536 bytes)
[    0.843607] TCP bind hash table entries: 8192 (order: 5, 131072 bytes)
[    0.848104] TCP: Hash tables configured (established 8192 bind 8192)
[    0.851995] UDP hash table entries: 512 (order: 2, 16384 bytes)
[    0.856010] UDP-Lite hash table entries: 512 (order: 2, 16384 bytes)
[    0.859781] NET: Registered protocol family 1
[    0.863094] pci 0000:00:00.0: Limiting direct PCI/PCI transfers
[    0.867093] pci 0000:00:01.0: Activating ISA DMA hang workarounds
[    0.870632] pci 0000:00:02.0: Video device with shadowed ROM at [mem 0x000c0000-0x000dffff]
[    0.876016] Unpacking initramfs...
[    2.091331] Freeing initrd memory: 19528K
[    2.094046] clocksource: tsc: mask: 0xffffffffffffffff max_cycles: 0x36a6924e55c, max_idle_ns: 881590456685 ns
[    2.099882] platform rtc_cmos: registered platform RTC device (no PNP device found)
[    2.104920] Scanning for low memory corruption every 60 seconds
[    2.110101] Initialise system trusted keyrings
[    2.113036] Key type blacklist registered
[    2.115925] workingset: timestamp_bits=36 max_order=18 bucket_order=0
[    2.125515] zbud: loaded
[    2.129135] squashfs: version 4.0 (2009/01/31) Phillip Lougher
[    2.133891] fuse init (API version 7.26)
[    2.142212] Key type asymmetric registered
[    2.144692] Asymmetric key parser 'x509' registered
[    2.147541] Block layer SCSI generic (bsg) driver version 0.4 loaded (major 246)
[    2.152329] io scheduler noop registered
[    2.154930] io scheduler deadline registered
[    2.157717] io scheduler cfq registered (default)
[    2.161428] ACPI: AC Adapter [AC] (on-line)
[    2.165201] input: Power Button as /devices/LNXSYSTM:00/LNXPWRBN:00/input/input0
[    2.170261] ACPI: Power Button [PWRF]
[    2.172778] input: Sleep Button as /devices/LNXSYSTM:00/LNXSLPBN:00/input/input1
[    2.177426] ACPI: Sleep Button [SLPF]
[    2.184394] ACPI: Battery Slot [BAT0] (battery present)
[    2.188786] Serial: 8250/16550 driver, 32 ports, IRQ sharing enabled
[    2.214824] 00:02: ttyS0 at I/O 0x3f8 (irq = 4, base_baud = 115200) is a 16550A
[    2.226778] Linux agpgart interface v0.103
[    2.234739] loop: module loaded
[    2.239252] scsi host0: ata_piix
[    2.241736] scsi host1: ata_piix
[    2.243791] ata1: PATA max UDMA/33 cmd 0x1f0 ctl 0x3f6 bmdma 0xd000 irq 14
[    2.247808] ata2: PATA max UDMA/33 cmd 0x170 ctl 0x376 bmdma 0xd008 irq 15
[    2.252749] tun: Universal TUN/TAP device driver, 1.6
[    2.256589] PPP generic driver version 2.4.2
[    2.259276] ehci_hcd: USB 2.0 'Enhanced' Host Controller (EHCI) Driver
[    2.263270] ehci-pci: EHCI PCI platform driver
[    2.266856] ehci-platform: EHCI generic platform driver
[    2.270135] ohci_hcd: USB 1.1 'Open' Host Controller (OHCI) Driver
[    2.273939] ohci-pci: OHCI PCI platform driver
[    2.277048] ohci-platform: OHCI generic platform driver
[    2.280067] uhci_hcd: USB Universal Host Controller Interface driver
[    2.284064] i8042: PNP: PS/2 Controller [PNP0303:PS2K,PNP0f03:PS2M] at 0x60,0x64 irq 1,12
[    2.291102] serio: i8042 KBD port at 0x60,0x64 irq 1
[    2.294106] serio: i8042 AUX port at 0x60,0x64 irq 12
[    2.297406] mousedev: PS/2 mouse device common for all mice
[    2.302763] input: AT Translated Set 2 keyboard as /devices/platform/i8042/serio0/input/input2
[    2.304337] rtc_cmos rtc_cmos: rtc core: registered rtc_cmos as rtc0
[    2.313540] rtc_cmos rtc_cmos: alarms up to one day, 114 bytes nvram
[    2.317183] i2c /dev entries driver
[    2.320432] device-mapper: uevent: version 1.0.3
[    2.324618] device-mapper: ioctl: 4.37.0-ioctl (2017-09-20) initialised: dm-devel@redhat.com
[    2.331568] ledtrig-cpu: registered to indicate activity on CPUs
[    2.338265] NET: Registered protocol family 10
[    2.355189] Segment Routing with IPv6
[    2.358586] NET: Registered protocol family 17
[    2.361973] Key type dns_resolver registered
[    2.366907] mce: Using 0 MCE banks
[    2.369679] RAS: Correctable Errors collector initialized.
[    2.374257] sched_clock: Marking stable (2374161996, 0)->(3284225778, -910063782)
[    2.381597] registered taskstats version 1
[    2.385260] Loading compiled-in X.509 certificates
[    2.398855] Loaded X.509 cert 'Build time autogenerated kernel key: b5b26778eaa3ab3a4a6cee031137706e947d12ad'
[    2.408225] Loaded X.509 cert 'Canonical Ltd. Live Patch Signing: 14df34d1a87cf37625abec039ef2bf521249b969'
[    2.425989] Loaded X.509 cert 'Canonical Ltd. Kernel Module Signing: 88f752e560a1e0737e31163a466ad7b70a850c19'
[    2.434044] blacklist: Loading compiled-in revocation X.509 certificates
[    2.439636] Loaded X.509 cert 'Canonical Ltd. Secure Boot Signing: 61482aa2830d0ab2ad5af10b7250da9033ddcef0'
[    2.447285] Loaded X.509 cert 'Canonical Ltd. Secure Boot Signing (2017): 242ade75ac4a15e50d50c84b0d45ff3eae707a03'
[    2.455920] Loaded X.509 cert 'Canonical Ltd. Secure Boot Signing (ESM 2018): 365188c1d374d6b07c3c8f240f8ef722433d6a8b'
[    2.464957] Loaded X.509 cert 'Canonical Ltd. Secure Boot Signing (2019): c0746fd6c5da3ae827864651ad66ae47fe24b3e8'
[    2.473118] Loaded X.509 cert 'Canonical Ltd. Secure Boot Signing (2021 v1): a8d54bbb3825cfb94fa13c9f8a594a195c107b8d'
[    2.480866] Loaded X.509 cert 'Canonical Ltd. Secure Boot Signing (2021 v2): 4cf046892d6fd3c9a5b03f98d845f90851dc6a8c'
[    2.487949] Loaded X.509 cert 'Canonical Ltd. Secure Boot Signing (2021 v3): 100437bb6de6e469b581e61cd66bce3ef4ed53af'
[    2.494602] Loaded X.509 cert 'Canonical Ltd. Secure Boot Signing (Ubuntu Core 2019): c1d57b8f6b743f23ee41f4f7ee292f06eecadfb9'
[    2.501638] zswap: loaded using pool lzo/zbud
[    2.516155] Key type big_key registered
[    2.519431] Key type trusted registered
[    2.526977] Key type encrypted registered
[    2.530027] AppArmor: AppArmor sha1 policy hashing enabled
[    2.533141] ima: No TPM chip found, activating TPM-bypass! (rc=-19)
[    2.536538] ima: Allocated hash algorithm: sha1
[    2.539488] evm: HMAC attrs: 0x1
[    2.542612]   Magic number: 4:658:321
[    2.545746] tty tty46: hash matches
[    2.548999] pci 0000:00:02.0: hash matches
[    2.552659] rtc_cmos rtc_cmos: setting system clock to 2024-12-20 08:18:07 UTC (1734682687)
[    2.560464] BIOS EDD facility v0.16 2004-Jun-25, 0 devices found
[    2.568409] EDD information not available.
[    2.593757] Freeing unused kernel image memory: 2480K
[    2.620994] Write protecting the kernel read-only data: 20480k
[    2.628463] Freeing unused kernel image memory: 2008K
[    2.634108] Freeing unused kernel image memory: 1820K
[    2.699119] x86/mm: Checked W+X mappings: passed, no W+X pages found.
[    2.703749] x86/mm: Checking user space page tables
[    2.763954] x86/mm: Checked W+X mappings: passed, no W+X pages found.
Loading, please wait...
starting version 237
[    3.051074] e1000: Intel(R) PRO/1000 Network Driver - version 7.3.21-k8-NAPI
[    3.056833] e1000: Copyright (c) 1999-2006 Intel Corporation.
[    3.086059] Fusion MPT base driver 3.04.20
[    3.090440] Copyright (c) 1999-2008 LSI Corporation
[    3.155044] Fusion MPT SPI Host driver 3.04.20
[    3.297408] input: ImExPS/2 Generic Explorer Mouse as /devices/platform/i8042/serio1/input/input4
[    4.008752] e1000 0000:00:03.0 eth0: (PCI:33MHz:32-bit) 02:3b:7b:b7:3b:2d
[    4.014371] e1000 0000:00:03.0 eth0: Intel(R) PRO/1000 Network Connection
[    4.026433] mptbase: ioc0: Initiating bringup
[    4.031162] e1000 0000:00:03.0 enp0s3: renamed from eth0
[    4.798715] ioc0: LSI53C1030 A0: Capabilities={Initiator}
[    7.275098] scsi host2: ioc0: LSI53C1030 A0, FwRev=00000000h, Ports=1, MaxQ=256, IRQ=20
[    8.288113] scsi 2:0:0:0: Direct-Access     VBOX     HARDDISK         1.0  PQ: 0 ANSI: 5
[    8.328095] scsi target2:0:0: Beginning Domain Validation
[    8.336698] scsi target2:0:0: Domain Validation skipping write tests
[    8.343138] scsi target2:0:0: Ending Domain Validation
[    8.352098] scsi target2:0:0: asynchronous
[    8.356899] scsi 2:0:1:0: Direct-Access     VBOX     HARDDISK         1.0  PQ: 0 ANSI: 5
[    8.392433] scsi target2:0:1: Beginning Domain Validation
[    8.399307] scsi target2:0:1: Domain Validation skipping write tests
[    8.403432] scsi target2:0:1: Ending Domain Validation
[    8.407181] scsi target2:0:1: asynchronous
[    8.422104] sd 2:0:0:0: Attached scsi generic sg0 type 0
[    8.426213] sd 2:0:0:0: [sda] 83886080 512-byte logical blocks: (42.9 GB/40.0 GiB)
[    8.431301] sd 2:0:0:0: [sda] Write Protect is off
[    8.438128] sd 2:0:1:0: [sdb] 20480 512-byte logical blocks: (10.5 MB/10.0 MiB)
[    8.444978] sd 2:0:1:0: Attached scsi generic sg1 type 0
[    8.449444] sd 2:0:0:0: [sda] Incomplete mode parameter data
[    8.453870] sd 2:0:0:0: [sda] Assuming drive cache: write through
[    8.459200] sd 2:0:1:0: [sdb] Write Protect is off
[    8.463620] sd 2:0:1:0: [sdb] Incomplete mode parameter data
[    8.467902] sd 2:0:1:0: [sdb] Assuming drive cache: write through
[    8.470513]  sda: sda1
[    8.478349] sd 2:0:0:0: [sda] Attached SCSI disk
[    8.485255] sd 2:0:1:0: [sdb] Attached SCSI disk
Begin: Loading essential drivers ... [   11.672722] raid6: sse2x1   gen()  1350 MB/s
[   11.720543] raid6: sse2x1   xor()   793 MB/s
[   11.768346] raid6: sse2x2   gen()  1778 MB/s
[   11.821026] raid6: sse2x2   xor()  1244 MB/s
[   11.868937] raid6: sse2x4   gen()  3263 MB/s
[   11.916709] raid6: sse2x4   xor()  1937 MB/s
[   11.920062] raid6: using algorithm sse2x4 gen() 3263 MB/s
[   11.924067] raid6: .... xor() 1937 MB/s, rmw enabled
[   11.926983] raid6: using ssse3x2 recovery algorithm
[   11.932813] xor: automatically using best checksumming function   avx       
[   11.939591] async_tx: api initialized (async)
done.
Begin: Running /scripts/init-premount ... done.
Begin: Mounting root file system ... Begin: Running /scripts/local-top ... done.
Begin: Running /scripts/local-premount ... [   12.111517] Btrfs loaded, crc32c=crc32c-intel
Scanning for Btrfs filesystems
done.
Warning: fsck not present, so skipping root file system
[   12.195262] EXT4-fs (sda1): mounted filesystem with ordered data mode. Opts: (null)
done.
Begin: Running /scripts/local-bottom ... done.
Begin: Running /scripts/init-bottom ... done.
[   12.563800] ip_tables: (C) 2000-2006 Netfilter Core Team
[   12.590759] systemd[1]: systemd 237 running in system mode. (+PAM +AUDIT +SELINUX +IMA +APPARMOR +SMACK +SYSVINIT +UTMP +LIBCRYPTSETUP +GCRYPT +GNUTLS +ACL +XZ +LZ4 +SECCOMP +BLKID +ELFUTILS +KMOD -IDN2 +IDN -PCRE2 default-hierarchy=hybrid)
[   12.603848] systemd[1]: Detected virtualization oracle.
[   12.607509] systemd[1]: Detected architecture x86-64.

Welcome to [1mUbuntu 18.04.6 LTS[0m!

[   12.622998] systemd[1]: Set hostname to <ubuntu>.
[   12.634261] random: systemd: uninitialized urandom read (16 bytes read)
[   12.638294] systemd[1]: Initializing machine ID from random generator.
[   12.642076] systemd[1]: Installed transient /etc/machine-id file.
[   13.192889] random: systemd: uninitialized urandom read (16 bytes read)
[   13.204776] systemd[1]: Created slice User and Session Slice.
[[0;32m  OK  [0m] Created slice User and Session Slice.
[   13.212906] random: systemd: uninitialized urandom read (16 bytes read)
[   13.218384] systemd[1]: Set up automount Arbitrary Executable File Formats File System Automount Point.
[[0;32m  OK  [0m] Set up automount Arbitrary Executab…rmats File System Automount Point.
[   13.228147] systemd[1]: Reached target System Time Synchronized.
[[0;32m  OK  [0m] Reached target System Time Synchronized.
[   13.233830] systemd[1]: Reached target Swap.
[[0;32m  OK  [0m] Reached target Swap.
[[0;32m  OK  [0m] Reached target Mounting snaps.
[[0;32m  OK  [0m] Reached target Mounted snaps.
[[0;32m  OK  [0m] Started Forward Password Requests to Wall Directory Watch.
[[0;32m  OK  [0m] Reached target User and Group Name Lookups.
[   13.771896] random: systemd: uninitialized urandom read (16 bytes read)
[[0;32m  OK  [0m] Created slice System Slice.
[   13.798282] random: systemd: uninitialized urandom read (16 bytes read)
[[0;32m  OK  [0m] Listening on fsck to fsckd communication Socket.
[   13.806367] random: systemd: uninitialized urandom read (16 bytes read)
[[0;32m  OK  [0m] Listening on LVM2 poll daemon socket.
[[0;32m  OK  [0m] Listening on udev Kernel Socket.
[[0;32m  OK  [0m] Listening on udev Control Socket.
[[0;32m  OK  [0m] Reached target Slices.
[[0;32m  OK  [0m] Listening on Journal Audit Socket.
[[0;32m  OK  [0m] Listening on Journal Socket (/dev/log).
[[0;32m  OK  [0m] Listening on LVM2 metadata daemon socket.
[[0;32m  OK  [0m] Created slice system-serial\x2dgetty.slice.
[[0;32m  OK  [0m] Listening on Network Service Netlink Socket.
[[0;32m  OK  [0m] Listening on Syslog Socket.
[[0;32m  OK  [0m] Listening on /dev/initctl Compatibility Named Pipe.
[[0;32m  OK  [0m] Listening on Device-mapper event daemon FIFOs.
[[0;32m  OK  [0m] Listening on Journal Socket.
         Starting Monitoring of LVM2 mirrors…ng dmeventd or progress polling...
         Starting Set the console keyboard layout...
         Mounting Kernel Debug File System...
         Starting Uncomplicated firewall...
         Mounting Huge Pages File System...
         Mounting POSIX Message Queue File System...
         Starting udev Coldplug all Devices...
         Starting Load Kernel Modules...
         Starting Create list of required st…ce nodes for the current kernel...
         Starting Journal Service...
         Starting File System Check on Root Device...
[[0;32m  OK  [0m] Mounted Kernel Debug File System.
[[0;32m  OK  [0m] Started Uncomplicated firewall.
[[0;32m  OK  [0m] Mounted Huge Pages File System.
[[0;32m  OK  [0m] Mounted POSIX Message Queue File System.
[[0;32m  OK  [0m] Started Create list of required sta…vice nodes for the current kernel.
         Starting Create Static Device Nodes in /dev...
[[0;32m  OK  [0m] Started File System Check Daemon to report status.
[[0;32m  OK  [0m] Started LVM2 metadata daemon.
[   14.350476] Loading iSCSI transport class v2.0-870.
[[0;32m  OK  [0m] Started Create Static Device Nodes in /dev.
[[0;32m  OK  [0m] Started File System Check on Root Device.
[[0;32m  OK  [0m] Started udev Coldplug all Devices.
         Starting Remount Root and Kernel File Systems...
[[0;32m  OK  [0m] Started Journal Service.
[   15.134803] EXT4-fs (sda1): re-mounted. Opts: (null)
[   15.142670] iscsi: registered transport (tcp)
[[0;32m  OK  [0m] Started Remount Root and Kernel File Systems.
[   15.196779] random: systemd: uninitialized urandom read (16 bytes read)
         Starting udev Kernel Device Manager...
[   15.211816] random: systemd: uninitialized urandom read (16 bytes read)
[   15.224243] random: systemd-journal: uninitialized urandom read (16 bytes read)
         Starting Load/Save Random Seed...
         Starting Flush Journal to Persistent Storage...
[[0;32m  OK  [0m] Started Monitoring of LVM2 mirrors,…sing dmeventd or progress polling.
[[0;32m  OK  [0m] Started Load/Save Random Seed.
[   15.342341] systemd-journald[388]: Received request to flush runtime journal from PID 1
[[0;32m  OK  [0m] Started udev Kernel Device Manager.
[[0;32m  OK  [0m] Started Flush Journal to Persistent Storage.
[   15.632121] iscsi: registered transport (iser)
[[0;32m  OK  [0m] Started Load Kernel Modules.
         Starting Apply Kernel Variables...
         Mounting Kernel Configuration File System...
         Mounting FUSE Control File System...
[[0;32m  OK  [0m] Mounted Kernel Configuration File System.
[[0;32m  OK  [0m] Mounted FUSE Control File System.
[[0;32m  OK  [0m] Started Apply Kernel Variables.
[[0;32m  OK  [0m] Found device /dev/ttyS0.
[[0;32m  OK  [0m] Listening on Load/Save RF Kill Switch Status /dev/rfkill Watch.
         Mounting Arbitrary Executable File Formats File System...
[[0;32m  OK  [0m] Mounted Arbitrary Executable File Formats File System.
[[0;32m  OK  [0m] Started Set the console keyboard layout.
[[0;32m  OK  [0m] Reached target Local File Systems (Pre).
[[0;32m  OK  [0m] Reached target Local File Systems.
         Starting Set console font and keymap...
         Starting Create Volatile Files and Directories...
         Starting ebtables ruleset management...
         Starting Tell Plymouth To Write Out Runtime Data...
         Starting Commit a transient machine-id on disk...
         Starting AppArmor initialization...
[[0;32m  OK  [0m] Started Dispatch Password Requests to Console Directory Watch.
[[0;32m  OK  [0m] Reached target Local Encrypted Volumes.
[[0;32m  OK  [0m] Started Tell Plymouth To Write Out Runtime Data.
[[0;32m  OK  [0m] Started Create Volatile Files and Directories.
         Starting Update UTMP about System Boot/Shutdown...
[[0;32m  OK  [0m] Started Commit a transient machine-id on disk.
[[0;32m  OK  [0m] Started Update UTMP about System Boot/Shutdown.
[[0;32m  OK  [0m] Started ebtables ruleset management.
[[0;32m  OK  [0m] Started Set console font and keymap.
[[0;32m  OK  [0m] Started AppArmor initialization.
         Starting Load AppArmor profiles managed internally by snapd...
         Starting Initial cloud-init job (pre-networking)...
[[0;32m  OK  [0m] Started Load AppArmor profiles managed internally by snapd.
[   30.949793] cloud-init[784]: Cloud-init v. 23.1.2-0ubuntu0~18.04.1 running 'init-local' at Fri, 20 Dec 2024 08:18:34 +0000. Up 29.32 seconds.
[[0;32m  OK  [0m] Started Initial cloud-init job (pre-networking).
[[0;32m  OK  [0m] Reached target Network (Pre).
         Starting Network Service...
[[0;32m  OK  [0m] Started Network Service.
         Starting Network Name Resolution...
         Starting Wait for Network to be Configured...
[[0;32m  OK  [0m] Started Network Name Resolution.
[[0;32m  OK  [0m] Reached target Network.
[[0;32m  OK  [0m] Reached target Host and Network Name Lookups.
[[0;32m  OK  [0m] Started Wait for Network to be Configured.
         Starting Initial cloud-init job (metadata service crawler)...
[   36.329635] cloud-init[877]: Cloud-init v. 23.1.2-0ubuntu0~18.04.1 running 'init' at Fri, 20 Dec 2024 08:18:40 +0000. Up 35.50 seconds.
[   36.336739] cloud-init[877]: ci-info: ++++++++++++++++++++++++++++++++++++++Net device info++++++++++++++++++++++++++++++++++++++
[   36.344227] cloud-init[877]: ci-info: +--------+------+----------------------------+---------------+--------+-------------------+
[   36.350192] cloud-init[877]: ci-info: | Device |  Up  |          Address           |      Mask     | Scope  |     Hw-Address    |
[   36.356018] cloud-init[877]: ci-info: +--------+------+----------------------------+---------------+--------+-------------------+
[   36.361455] cloud-init[877]: ci-info: | enp0s3 | True |         10.0.2.15          | 255.255.255.0 | global | 02:3b:7b:b7:3b:2d |
[   36.367220] cloud-init[877]: ci-info: | enp0s3 | True | fd00::3b:7bff:feb7:3b2d/64 |       .       | global | 02:3b:7b:b7:3b:2d |
[   36.373309] cloud-init[877]: ci-info: | enp0s3 | True | fe80::3b:7bff:feb7:3b2d/64 |       .       |  link  | 02:3b:7b:b7:3b:2d |
[   36.394368] cloud-init[877]: ci-info: |   lo   | True |         127.0.0.1          |   255.0.0.0   |  host  |         .         |
[   36.403498] cloud-init[877]: ci-info: |   lo   | True |          ::1/128           |       .       |  host  |         .         |
[   36.409711] cloud-init[877]: ci-info: +--------+------+----------------------------+---------------+--------+-------------------+
[   36.416507] cloud-init[877]: ci-info: ++++++++++++++++++++++++++++Route IPv4 info+++++++++++++++++++++++++++++
[   36.422050] cloud-init[877]: ci-info: +-------+-------------+----------+-----------------+-----------+-------+
[   36.427519] cloud-init[877]: ci-info: | Route | Destination | Gateway  |     Genmask     | Interface | Flags |
[   36.438516] cloud-init[877]: ci-info: +-------+-------------+----------+-----------------+-----------+-------+
[   36.444787] cloud-init[877]: ci-info: |   0   |   0.0.0.0   | 10.0.2.2 |     0.0.0.0     |   enp0s3  |   UG  |
[   36.451375] cloud-init[877]: ci-info: |   1   |   10.0.2.0  | 0.0.0.0  |  255.255.255.0  |   enp0s3  |   U   |
[   36.458044] cloud-init[877]: ci-info: |   2   |   10.0.2.2  | 0.0.0.0  | 255.255.255.255 |   enp0s3  |   UH  |
[   36.463054] cloud-init[877]: ci-info: +-------+-------------+----------+-----------------+-----------+-------+
[   36.469630] cloud-init[877]: ci-info: +++++++++++++++++++Route IPv6 info+++++++++++++++++++
[   36.476252] cloud-init[877]: ci-info: +-------+-------------+---------+-----------+-------+
[   36.481915] cloud-init[877]: ci-info: | Route | Destination | Gateway | Interface | Flags |
[   36.486372] cloud-init[877]: ci-info: +-------+-------------+---------+-----------+-------+
[   36.495267] cloud-init[877]: ci-info: |   1   |  fd00::/64  |    ::   |   enp0s3  |   U   |
[   36.508859] cloud-init[877]: ci-info: |   2   |  fe80::/64  |    ::   |   enp0s3  |   U   |
[   36.513901] cloud-init[877]: ci-info: |   3   |     ::/0    | fe80::2 |   enp0s3  |   UG  |
[   36.519687] cloud-init[877]: ci-info: |   5   |    local    |    ::   |   enp0s3  |   U   |
[   36.524517] cloud-init[877]: ci-info: |   6   |    local    |    ::   |   enp0s3  |   U   |
[   36.530008] cloud-init[877]: ci-info: |   7   |   ff00::/8  |    ::   |   enp0s3  |   U   |
[   36.535097] cloud-init[877]: ci-info: +-------+-------------+---------+-----------+-------+
[   39.271790] cloud-init[877]: Generating public/private rsa key pair.
[   39.275999] cloud-init[877]: Your identification has been saved in /etc/ssh/ssh_host_rsa_key.
[   39.281294] cloud-init[877]: Your public key has been saved in /etc/ssh/ssh_host_rsa_key.pub.
[   39.286255] cloud-init[877]: The key fingerprint is:
[   39.289734] cloud-init[877]: SHA256:LFXARoQdZH+l005uWAfzEnvMm+LvCfPiLFEea9aNSzs root@ubuntu-bionic
[   39.294189] cloud-init[877]: The key's randomart image is:
[   39.297354] cloud-init[877]: +---[RSA 2048]----+
[   39.308580] cloud-init[877]: |       BBo.   =  |
[   39.311568] cloud-init[877]: |      ..+o   + O |
[   39.314686] cloud-init[877]: |       .. . + * *|
[   39.316976] cloud-init[877]: |       o   . X +o|
[   39.320045] cloud-init[877]: |      . S   +.B+.|
[   39.323044] cloud-init[877]: |       .   ..*+..|
[   39.325666] cloud-init[877]: |            += o |
[   39.328838] cloud-init[877]: |           ...E .|
[   39.332854] cloud-init[877]: |            ooo* |
[   39.337586] cloud-init[877]: +----[SHA256]-----+
[   39.341683] cloud-init[877]: Generating public/private dsa key pair.
[   39.346081] cloud-init[877]: Your identification has been saved in /etc/ssh/ssh_host_dsa_key.
[   39.351639] cloud-init[877]: Your public key has been saved in /etc/ssh/ssh_host_dsa_key.pub.
[   39.357000] cloud-init[877]: The key fingerprint is:
[   39.361535] cloud-init[877]: SHA256:EI+wsjIqZxnDhVfHuNSFlBqd9RZ7eCHkbslo1qZwpkQ root@ubuntu-bionic
[   39.376838] cloud-init[877]: The key's randomart image is:
[   39.381094] cloud-init[877]: +---[DSA 1024]----+
[   39.385462] cloud-init[877]: |    . o*o*o.+ .  |
[   39.389013] cloud-init[877]: |   . ++=B  o = . |
[   39.392776] cloud-init[877]: |  o +.o+E   * o  |
[   39.408708] cloud-init[877]: | . =  oo   * +   |
[   39.412192] cloud-init[877]: |o =     S * B    |
[   39.428620] cloud-init[877]: |.o +   . B +     |
[   39.432596] cloud-init[877]: |o +     . .      |
[   39.436605] cloud-init[877]: |.o               |
[   39.441364] cloud-init[877]: |                 |
[   39.445222] cloud-init[877]: +----[SHA256]-----+
[   39.456914] cloud-init[877]: Generating public/private ecdsa key pair.
[   39.462776] cloud-init[877]: Your identification has been saved in /etc/ssh/ssh_host_ecdsa_key.
[   39.470360] cloud-init[877]: Your public key has been saved in /etc/ssh/ssh_host_ecdsa_key.pub.
[   39.474727] cloud-init[877]: The key fingerprint is:
[   39.478818] cloud-init[877]: SHA256:PllB4PObVN9Hs5OUyLnmglOpNMGZy9jI4COKsk2TW+s root@ubuntu-bionic
[   39.484497] cloud-init[877]: The key's randomart image is:
[   39.487993] cloud-init[877]: +---[ECDSA 256]---+
[   39.491911] cloud-init[877]: |        ...      |
[   39.495777] cloud-init[877]: |       ...o . o .|
[   39.499274] cloud-init[877]: |     .  o=. .+ +.|
[   39.503298] cloud-init[877]: |    . o =ooo..oo+|
[   39.506574] cloud-init[877]: |   . o +S*+o o.+o|
[[0;32m  OK  [0m] Started Initial cloud-init job (metadata service crawler).
[   39.524241] [[0;32m  OK  [0m] Reached target Network is Online.
cloud-init[[0;32m  OK  [0m] Reached target Remote File Systems (Pre).
[[0;32m  OK  [0m[877]: ] |. ... ...+=oo   o|Reached target Remote File Systems.

[   39.537426] cloud-init[877]: |o.+ .   ++o. .   |         Starting Availability of block devices...
[[0;32m  OK  [0m] Reached target Cloud-config availability.
[[0;32m  OK  [0m] Reached target System Initialization.

[   39.555193] cloud-init[877]: |.+ + .   .. .    |
[   39.560828]          Starting Socket activation for snappy daemon.
[cloud-init[877]: |. o.E            |[0;32m  OK  [0m] Listening on D-Bus System Message Bus Socket.
         Starting LXD - unix socket.
[[0;32m  OK  [0m] Listening on ACPID Listen Socket.

[[0;32m  OK  [0m] Listening on cloud-init hotplug hook socket.
[   39.593017] [[0;32m  OK  [0m] Started Daily Cleanup of Temporary Directories.
cloud-init[877]: +----[SHA256]-----+
[[0;32m  OK  [0m] Listening on Open-iSCSI iscsid Socket.
[   39.605993] [[0;32m  OK  [0m] Started Message of the Day.
[[0;32m  OK  [0m] Listening on UUID daemon activation socket.
[[0;32m  OK  [0m] Started Ubuntu Advantage Timer for running repeated jobs.
[[0;32m  OK  [0m] Started ACPI Events Check.
[[0;32m  OK  [0m] Reached target Paths.
[[0;32m  OK  [0m] Started Daily apt download activities.
[[0;32m  OK  [0m] Started Daily apt upgrade and clean activities.
[[0;32m  OK  [0m] Started Discard unused blocks once a week.
[[0;32m  OK  [0m] Reached target Timers.
cloud-init[877]: Generating public/private ed25519 key pair.
[[0;32m  OK  [0m] Started Availability of block devices.
[[0;32m  OK  [0m] Listening on Socket activation for snappy daemon.
[[0;32m  OK  [0m] Listening on LXD - unix socket.
[[   39.655445] cloud-init[0;32m  OK  [0m] Reached target Sockets.
[[0;32m  OK  [0m] [877]: Your identification has been saved in /etc/ssh/ssh_host_ed25519_key.Reached target Basic System.

         Starting Virtualbox guest utils...
[   39.671666] cloud-init[877]: Your public key has been saved in /etc/ssh/ssh_host_ed25519_key.pub.
         Starting LSB: automatic crash report generation...
[   39.685857] cloud-init[877]: The key fingerprint is:
         Starting Dispatcher daemon for systemd-networkd...
[   39.703253] cloud-init[877]: SHA256:QgrhgBYrEi1yqpmUQ7RFdUFdYfWBSeSYg7XIaSeELxY root@ubuntu-bionic
[[0;32m  OK  [0m] Started Regular background program processing daemon.
[   39.737407]          Starting System Logging Service...
cloud-init[877]:          Starting LSB: Record successful boot for GRUB...
The key's randomart image is:
         Starting Permit User Sessions...
         Starting Accounts Service...
         Starting LXD - container startup/shutdown...
[[0;32m  OK  [0m] Reached target Login Prompts (Pre).
[   39.785281]          Starting Login Service...
[[0;32m  OK  [0m] Started Deferred execution scheduler.
         Starting Pollinate to seed the pseudo random number generator...
[[0;32m  OK  [0m] Started D-Bus System Message Bus.
cloud-init[877]: +--[ED25519 256]--+
[   39.850535] cloud-init[877]: |=++o...++..==+o. |
[   39.866048] cloud-init[877]: |+**.  .Eo.* =o. .|
[   39.873947] cloud-init[877]: |**+   . oB * . . |
[   39.904665] cloud-init[877]: |++ . o o..o .    |
[   39.912636] cloud-init[877]: |oo. . o S        |
[   39.916817] cloud-init[877]: |+      .         |
[   39.921275] cloud-init[877]: |                 |
[   39.927141] cloud-init[877]: |                 |
[   39.941015] cloud-init[877]: |                 |
[   39.955423] cloud-init[877]: +----[SHA256]-----+
[[0;32m  OK  [0m] Started irqbalance daemon.
[[0;32m  OK  [0m] Started FUSE filesystem for LXC.
         Starting Snap Daemon...
[[0;32m  OK  [0m] Started System Logging Service.
[[0;32m  OK  [0m] Started Permit User Sessions.
[[0;32m  OK  [0m] Started Login Service.
         Starting Authorization Manager...
[[0;32m  OK  [0m] Started Unattended Upgrades Shutdown.
         Starting Hostname Service...
         Starting Terminate Plymouth Boot Screen...
         Starting Hold until boot process finishes up...
[[0;32m  OK  [0m] Started Hold until boot process finishes up.
[[0;32m  OK  [0m] Started Terminate Plymouth Boot Screen.
         Starting Set console scheme...
[[0;32m  OK  [0m] Started Serial Getty on ttyS0.
[[0;32m  OK  [0m] Started LSB: automatic crash report generation.
[[0;32m  OK  [0m] Started Set console scheme.
[[0;32m  OK  [0m] Created slice system-getty.slice.
[[0;32m  OK  [0m] Started Getty on tty1.
[[0;32m  OK  [0m] Reached target Login Prompts.
[[0;32m  OK  [0m] Started LSB: Record successful boot for GRUB.
[[0;32m  OK  [0m] Started Authorization Manager.
[[0;32m  OK  [0m] Started Accounts Service.
[[0;32m  OK  [0m] Started Hostname Service.
[[0;32m  OK  [0m] Started Virtualbox guest utils.
[[0;32m  OK  [0m] Started LXD - container startup/shutdown.
[[0;32m  OK  [0m] Started Dispatcher daemon for systemd-networkd.
[[0;32m  OK  [0m] Started Snap Daemon.
         Starting Wait until snapd is fully seeded...
[[0;32m  OK  [0m] Started Pollinate to seed the pseudo random number generator.
         Starting OpenBSD Secure Shell server...
[[0;32m  OK  [0m] Started OpenBSD Secure Shell server.
[[0;32m  OK  [0m] Created slice User Slice of vagrant.
         Starting User Manager for UID 1000...
[[0;32m  OK  [0m] Started Session 1 of user vagrant.
[[0;32m  OK  [0m] Started User Manager for UID 1000.

Ubuntu 18.04.6 LTS ubuntu-bionic ttyS0

ubuntu-bionic login: [   56.038113] cloud-init[1404]: Cloud-init v. 23.1.2-0ubuntu0~18.04.1 running 'modules:config' at Fri, 20 Dec 2024 08:18:58 +0000. Up 53.13 seconds.
ci-info: no authorized SSH keys fingerprints found for user ubuntu.
<14>Dec 20 08:19:05 cloud-init: #############################################################
<14>Dec 20 08:19:05 cloud-init: -----BEGIN SSH HOST KEY FINGERPRINTS-----
<14>Dec 20 08:19:05 cloud-init: 1024 SHA256:EI+wsjIqZxnDhVfHuNSFlBqd9RZ7eCHkbslo1qZwpkQ root@ubuntu-bionic (DSA)
<14>Dec 20 08:19:05 cloud-init: 256 SHA256:PllB4PObVN9Hs5OUyLnmglOpNMGZy9jI4COKsk2TW+s root@ubuntu-bionic (ECDSA)
<14>Dec 20 08:19:05 cloud-init: 256 SHA256:QgrhgBYrEi1yqpmUQ7RFdUFdYfWBSeSYg7XIaSeELxY root@ubuntu-bionic (ED25519)
<14>Dec 20 08:19:05 cloud-init: 2048 SHA256:LFXARoQdZH+l005uWAfzEnvMm+LvCfPiLFEea9aNSzs root@ubuntu-bionic (RSA)
<14>Dec 20 08:19:05 cloud-init: -----END SSH HOST KEY FINGERPRINTS-----
<14>Dec 20 08:19:05 cloud-init: #############################################################
-----BEGIN SSH HOST KEY KEYS-----
ecdsa-sha2-nistp256 AAAAE2VjZHNhLXNoYTItbmlzdHAyNTYAAAAIbmlzdHAyNTYAAABBBFMi4RMvqUg1MXQl860fz8fE0/yn33ukmH1KbcBetlz7+C587ogJU8tjd1rJ6cL6Pk4YrHavapKWt4ZSwOloihM= root@ubuntu-bionic
ssh-ed25519 AAAAC3NzaC1lZDI1NTE5AAAAIH0WhAvNMW7ujrls8z5frJQSzAM8xUzI7S4/k9E+CQka root@ubuntu-bionic
ssh-rsa AAAAB3NzaC1yc2EAAAADAQABAAABAQDUnq4iiu5bCXhLd17q1epCpiJfyaT4zQl2Pq4SHLTMqzKnVZiZBiv15eYuojMUIsihVvshFdDq2HuZ9Dj1EebUVodNporL4Ve/XdXLeMJY6W0mALjiZ62HQSBsoaQqOxCdj+5eiXJLeEtAKT7r+Jbx98ni9iYhSKPoIPg0zl9wOwD+IuJCO7QZMtfgNihd/WTjJaIz/4VbSFPIQhVAY/lwJ1SEnVtSA2nj1FvegW3LdHNE5M3n7WmGLdq1o8X2rYRf9PZQoC12PtqHa80oxnm71b36N8GOX28sL4rglImVsZTNsWyq9xrO4/7FIcsBmHTC9T+fIaey4ImQEowIzAY7 root@ubuntu-bionic
-----END SSH HOST KEY KEYS-----
[   61.098992] cloud-init[1576]: Cloud-init v. 23.1.2-0ubuntu0~18.04.1 running 'modules:final' at Fri, 20 Dec 2024 08:19:04 +0000. Up 59.31 seconds.
[   61.112946] cloud-init[1576]: Cloud-init v. 23.1.2-0ubuntu0~18.04.1 finished at Fri, 20 Dec 2024 08:19:05 +0000. Datasource DataSourceNoCloud [seed=/dev/sdb][dsmode=net].  Up 61.03 seconds
